[{"useNaturalConf":true,"startTime":"Dec 28, 2023, 9:44:13 AM","endTime":"Dec 28, 2023, 9:44:47 AM","status":"FAIL","level":0,"isLeaf":false,"name":"Login functionality","description":"  As a user,i want to check login functionality","bddType":"com.aventstack.extentreports.gherkin.model.Feature","infoMap":{},"children":[{"useNaturalConf":true,"startTime":"Dec 28, 2023, 9:44:13 AM","endTime":"Dec 28, 2023, 9:44:47 AM","status":"FAIL","level":1,"isLeaf":false,"name":"user should login successfully with valid credentials","description":"","bddType":"com.aventstack.extentreports.gherkin.model.Scenario","infoMap":{},"children":[{"useNaturalConf":true,"startTime":"Dec 28, 2023, 9:44:20 AM","endTime":"Dec 28, 2023, 9:44:20 AM","status":"PASS","level":2,"isLeaf":true,"name":"Given I am on Homepage","description":"com.automationexercise.steps.RegisterTestSteps.iAmOnHomepage()","bddType":"com.aventstack.extentreports.gherkin.model.Given","infoMap":{},"children":[],"logs":[{"timestamp":"Dec 28, 2023, 9:44:20 AM","status":"PASS","details":"","seq":0,"infoMap":{}}],"media":[],"exceptions":[],"authorSet":[],"categorySet":[],"deviceSet":[],"generatedLog":[]},{"useNaturalConf":true,"startTime":"Dec 28, 2023, 9:44:20 AM","endTime":"Dec 28, 2023, 9:44:22 AM","status":"PASS","level":2,"isLeaf":true,"name":"When I Click on Signup or Login Button","description":"com.automationexercise.steps.RegisterTestSteps.iClickOnSignupOrLoginButton()","bddType":"com.aventstack.extentreports.gherkin.model.When","infoMap":{},"children":[],"logs":[{"timestamp":"Dec 28, 2023, 9:44:22 AM","status":"PASS","details":"","seq":0,"infoMap":{}}],"media":[],"exceptions":[],"authorSet":[],"categorySet":[],"deviceSet":[],"generatedLog":[]},{"useNaturalConf":true,"startTime":"Dec 28, 2023, 9:44:22 AM","endTime":"Dec 28, 2023, 9:44:25 AM","status":"PASS","level":2,"isLeaf":true,"name":"And I should see Login to your account is visible","description":"com.automationexercise.steps.LoginTestSteps.iShouldSeeLoginToYourAccountIsVisible()","bddType":"com.aventstack.extentreports.gherkin.model.And","infoMap":{},"children":[],"logs":[{"timestamp":"Dec 28, 2023, 9:44:25 AM","status":"PASS","details":"","seq":0,"infoMap":{}}],"media":[],"exceptions":[],"authorSet":[],"categorySet":[],"deviceSet":[],"generatedLog":[]},{"useNaturalConf":true,"startTime":"Dec 28, 2023, 9:44:25 AM","endTime":"Dec 28, 2023, 9:44:25 AM","status":"PASS","level":2,"isLeaf":true,"name":"And I Enter correct \"ab2@gmail.com\"","description":"com.automationexercise.steps.LoginTestSteps.iEnterCorrect(java.lang.String)","bddType":"com.aventstack.extentreports.gherkin.model.And","infoMap":{},"children":[],"logs":[{"timestamp":"Dec 28, 2023, 9:44:25 AM","status":"PASS","details":"","seq":0,"infoMap":{}}],"media":[],"exceptions":[],"authorSet":[],"categorySet":[],"deviceSet":[],"generatedLog":[]},{"useNaturalConf":true,"startTime":"Dec 28, 2023, 9:44:25 AM","endTime":"Dec 28, 2023, 9:44:25 AM","status":"PASS","level":2,"isLeaf":true,"name":"And I Enter correct password \"abc123\"","description":"com.automationexercise.steps.LoginTestSteps.iEnterCorrectPassword(java.lang.String)","bddType":"com.aventstack.extentreports.gherkin.model.And","infoMap":{},"children":[],"logs":[{"timestamp":"Dec 28, 2023, 9:44:25 AM","status":"PASS","details":"","seq":0,"infoMap":{}}],"media":[],"exceptions":[],"authorSet":[],"categorySet":[],"deviceSet":[],"generatedLog":[]},{"useNaturalConf":true,"startTime":"Dec 28, 2023, 9:44:25 AM","endTime":"Dec 28, 2023, 9:44:26 AM","status":"PASS","level":2,"isLeaf":true,"name":"And I Click login button","description":"com.automationexercise.steps.LoginTestSteps.iClickLoginButton()","bddType":"com.aventstack.extentreports.gherkin.model.And","infoMap":{},"children":[],"logs":[{"timestamp":"Dec 28, 2023, 9:44:26 AM","status":"PASS","details":"","seq":0,"infoMap":{}}],"media":[],"exceptions":[],"authorSet":[],"categorySet":[],"deviceSet":[],"generatedLog":[]},{"useNaturalConf":true,"startTime":"Dec 28, 2023, 9:44:26 AM","endTime":"Dec 28, 2023, 9:44:46 AM","status":"FAIL","level":2,"isLeaf":true,"name":"And I should see  that Logged in as username is visible","description":"com.automationexercise.steps.LoginTestSteps.iShouldSeeThatLoggedInAsUsernameIsVisible()","bddType":"com.aventstack.extentreports.gherkin.model.And","infoMap":{},"children":[],"logs":[{"timestamp":"Dec 28, 2023, 9:44:46 AM","status":"FAIL","details":"","seq":0,"infoMap":{},"exception":{"exception":{"extraInfo":{"Driver info":"org.openqa.selenium.chrome.ChromeDriver","Command":"[663e56a523f6ede14814f5e6d0e4b3e6, findElement {using\u003dxpath, value\u003d//b[normalize-space()\u003d\u0027abc\u0027]}]","Capabilities":"Capabilities {acceptInsecureCerts: false, browserName: chrome, browserVersion: 120.0.6099.130, chrome: {chromedriverVersion: 120.0.6099.109 (3419140ab66..., userDataDir: C:\\Users\\TUSHAR~1\\AppData\\L...}, fedcm:accounts: true, goog:chromeOptions: {debuggerAddress: localhost:62756}, networkConnectionEnabled: false, pageLoadStrategy: normal, platformName: windows, proxy: Proxy(), se:cdp: ws://localhost:62756/devtoo..., se:cdpVersion: 120.0.6099.130, setWindowRect: true, strictFileInteractability: false, timeouts: {implicit: 0, pageLoad: 300000, script: 30000}, unhandledPromptBehavior: dismiss and notify, webauthn:extension:credBlob: true, webauthn:extension:largeBlob: true, webauthn:extension:minPinLength: true, webauthn:extension:prf: true, webauthn:virtualAuthenticators: true}","Session ID":"663e56a523f6ede14814f5e6d0e4b3e6"},"detailMessage":"no such element: Unable to locate element: {\"method\":\"xpath\",\"selector\":\"//b[normalize-space()\u003d\u0027abc\u0027]\"}\n  (Session info: chrome\u003d120.0.6099.130)","stackTrace":[{"moduleName":"java.base","moduleVersion":"17.0.8","declaringClass":"jdk.internal.reflect.NativeConstructorAccessorImpl","methodName":"newInstance0","fileName":"NativeConstructorAccessorImpl.java","lineNumber":-2,"format":2},{"moduleName":"java.base","moduleVersion":"17.0.8","declaringClass":"jdk.internal.reflect.NativeConstructorAccessorImpl","methodName":"newInstance","fileName":"NativeConstructorAccessorImpl.java","lineNumber":77,"format":2},{"moduleName":"java.base","moduleVersion":"17.0.8","declaringClass":"jdk.internal.reflect.DelegatingConstructorAccessorImpl","methodName":"newInstance","fileName":"DelegatingConstructorAccessorImpl.java","lineNumber":45,"format":2},{"moduleName":"java.base","moduleVersion":"17.0.8","declaringClass":"java.lang.reflect.Constructor","methodName":"newInstanceWithCaller","fileName":"Constructor.java","lineNumber":499,"format":2},{"moduleName":"java.base","moduleVersion":"17.0.8","declaringClass":"java.lang.reflect.Constructor","methodName":"newInstance","fileName":"Constructor.java","lineNumber":480,"format":2},{"classLoaderName":"app","declaringClass":"org.openqa.selenium.remote.codec.w3c.W3CHttpResponseCodec","methodName":"createException","fileName":"W3CHttpResponseCodec.java","lineNumber":200,"format":1},{"classLoaderName":"app","declaringClass":"org.openqa.selenium.remote.codec.w3c.W3CHttpResponseCodec","methodName":"decode","fileName":"W3CHttpResponseCodec.java","lineNumber":133,"format":1},{"classLoaderName":"app","declaringClass":"org.openqa.selenium.remote.codec.w3c.W3CHttpResponseCodec","methodName":"decode","fileName":"W3CHttpResponseCodec.java","lineNumber":52,"format":1},{"classLoaderName":"app","declaringClass":"org.openqa.selenium.remote.HttpCommandExecutor","methodName":"execute","fileName":"HttpCommandExecutor.java","lineNumber":191,"format":1},{"classLoaderName":"app","declaringClass":"org.openqa.selenium.remote.service.DriverCommandExecutor","methodName":"invokeExecute","fileName":"DriverCommandExecutor.java","lineNumber":200,"format":1},{"classLoaderName":"app","declaringClass":"org.openqa.selenium.remote.service.DriverCommandExecutor","methodName":"execute","fileName":"DriverCommandExecutor.java","lineNumber":175,"format":1},{"classLoaderName":"app","declaringClass":"org.openqa.selenium.remote.RemoteWebDriver","methodName":"execute","fileName":"RemoteWebDriver.java","lineNumber":607,"format":1},{"classLoaderName":"app","declaringClass":"org.openqa.selenium.remote.ElementLocation$ElementFinder$2","methodName":"findElement","fileName":"ElementLocation.java","lineNumber":165,"format":1},{"classLoaderName":"app","declaringClass":"org.openqa.selenium.remote.ElementLocation","methodName":"findElement","fileName":"ElementLocation.java","lineNumber":59,"format":1},{"classLoaderName":"app","declaringClass":"org.openqa.selenium.remote.RemoteWebDriver","methodName":"findElement","fileName":"RemoteWebDriver.java","lineNumber":364,"format":1},{"classLoaderName":"app","declaringClass":"org.openqa.selenium.remote.RemoteWebDriver","methodName":"findElement","fileName":"RemoteWebDriver.java","lineNumber":358,"format":1},{"classLoaderName":"app","declaringClass":"org.openqa.selenium.support.pagefactory.DefaultElementLocator","methodName":"findElement","fileName":"DefaultElementLocator.java","lineNumber":68,"format":1},{"classLoaderName":"app","declaringClass":"org.openqa.selenium.support.pagefactory.internal.LocatingElementHandler","methodName":"invoke","fileName":"LocatingElementHandler.java","lineNumber":38,"format":1},{"classLoaderName":"app","moduleName":"jdk.proxy2","declaringClass":"jdk.proxy2.$Proxy29","methodName":"getText","lineNumber":-1,"format":1},{"classLoaderName":"app","declaringClass":"com.automationexercise.utility.Utility","methodName":"getTextFromElement","fileName":"Utility.java","lineNumber":62,"format":1},{"classLoaderName":"app","declaringClass":"com.automationexercise.pages.LoginPage","methodName":"verifyLoggedInText","fileName":"LoginPage.java","lineNumber":16,"format":1},{"classLoaderName":"app","declaringClass":"com.automationexercise.steps.LoginTestSteps","methodName":"iShouldSeeThatLoggedInAsUsernameIsVisible","fileName":"LoginTestSteps.java","lineNumber":32,"format":1},{"declaringClass":"✽","methodName":"I should see  that Logged in as username is visible","fileName":"file:///C:/Users/Tushar%20LP/IdeaProjects/automationexercise-cucumber/src/test/resources/features/login.feature","lineNumber":13,"format":0}],"suppressedExceptions":[]},"stackTrace":"org.openqa.selenium.NoSuchElementException: no such element: Unable to locate element: {\"method\":\"xpath\",\"selector\":\"//b[normalize-space()\u003d\u0027abc\u0027]\"}\n  (Session info: chrome\u003d120.0.6099.130)\nFor documentation on this error, please visit: https://www.selenium.dev/documentation/webdriver/troubleshooting/errors#no-such-element-exception\nBuild info: version: \u00274.15.0\u0027, revision: \u00271d14b5521b\u0027\nSystem info: os.name: \u0027Windows 10\u0027, os.arch: \u0027amd64\u0027, os.version: \u002710.0\u0027, java.version: \u002717.0.8\u0027\nDriver info: org.openqa.selenium.chrome.ChromeDriver\nCommand: [663e56a523f6ede14814f5e6d0e4b3e6, findElement {using\u003dxpath, value\u003d//b[normalize-space()\u003d\u0027abc\u0027]}]\nCapabilities {acceptInsecureCerts: false, browserName: chrome, browserVersion: 120.0.6099.130, chrome: {chromedriverVersion: 120.0.6099.109 (3419140ab66..., userDataDir: C:\\Users\\TUSHAR~1\\AppData\\L...}, fedcm:accounts: true, goog:chromeOptions: {debuggerAddress: localhost:62756}, networkConnectionEnabled: false, pageLoadStrategy: normal, platformName: windows, proxy: Proxy(), se:cdp: ws://localhost:62756/devtoo..., se:cdpVersion: 120.0.6099.130, setWindowRect: true, strictFileInteractability: false, timeouts: {implicit: 0, pageLoad: 300000, script: 30000}, unhandledPromptBehavior: dismiss and notify, webauthn:extension:credBlob: true, webauthn:extension:largeBlob: true, webauthn:extension:minPinLength: true, webauthn:extension:prf: true, webauthn:virtualAuthenticators: true}\nSession ID: 663e56a523f6ede14814f5e6d0e4b3e6\r\n\tat java.base/jdk.internal.reflect.NativeConstructorAccessorImpl.newInstance0(Native Method)\r\n\tat java.base/jdk.internal.reflect.NativeConstructorAccessorImpl.newInstance(NativeConstructorAccessorImpl.java:77)\r\n\tat java.base/jdk.internal.reflect.DelegatingConstructorAccessorImpl.newInstance(DelegatingConstructorAccessorImpl.java:45)\r\n\tat java.base/java.lang.reflect.Constructor.newInstanceWithCaller(Constructor.java:499)\r\n\tat java.base/java.lang.reflect.Constructor.newInstance(Constructor.java:480)\r\n\tat org.openqa.selenium.remote.codec.w3c.W3CHttpResponseCodec.createException(W3CHttpResponseCodec.java:200)\r\n\tat org.openqa.selenium.remote.codec.w3c.W3CHttpResponseCodec.decode(W3CHttpResponseCodec.java:133)\r\n\tat org.openqa.selenium.remote.codec.w3c.W3CHttpResponseCodec.decode(W3CHttpResponseCodec.java:52)\r\n\tat org.openqa.selenium.remote.HttpCommandExecutor.execute(HttpCommandExecutor.java:191)\r\n\tat org.openqa.selenium.remote.service.DriverCommandExecutor.invokeExecute(DriverCommandExecutor.java:200)\r\n\tat org.openqa.selenium.remote.service.DriverCommandExecutor.execute(DriverCommandExecutor.java:175)\r\n\tat org.openqa.selenium.remote.RemoteWebDriver.execute(RemoteWebDriver.java:607)\r\n\tat org.openqa.selenium.remote.ElementLocation$ElementFinder$2.findElement(ElementLocation.java:165)\r\n\tat org.openqa.selenium.remote.ElementLocation.findElement(ElementLocation.java:59)\r\n\tat org.openqa.selenium.remote.RemoteWebDriver.findElement(RemoteWebDriver.java:364)\r\n\tat org.openqa.selenium.remote.RemoteWebDriver.findElement(RemoteWebDriver.java:358)\r\n\tat org.openqa.selenium.support.pagefactory.DefaultElementLocator.findElement(DefaultElementLocator.java:68)\r\n\tat org.openqa.selenium.support.pagefactory.internal.LocatingElementHandler.invoke(LocatingElementHandler.java:38)\r\n\tat jdk.proxy2/jdk.proxy2.$Proxy29.getText(Unknown Source)\r\n\tat com.automationexercise.utility.Utility.getTextFromElement(Utility.java:62)\r\n\tat com.automationexercise.pages.LoginPage.verifyLoggedInText(LoginPage.java:16)\r\n\tat com.automationexercise.steps.LoginTestSteps.iShouldSeeThatLoggedInAsUsernameIsVisible(LoginTestSteps.java:32)\r\n\tat ✽.I should see  that Logged in as username is visible(file:///C:/Users/Tushar%20LP/IdeaProjects/automationexercise-cucumber/src/test/resources/features/login.feature:13)\r\n","name":"org.openqa.selenium.NoSuchElementException"}}],"media":[],"exceptions":[{"exception":{"extraInfo":{"Driver info":"org.openqa.selenium.chrome.ChromeDriver","Command":"[663e56a523f6ede14814f5e6d0e4b3e6, findElement {using\u003dxpath, value\u003d//b[normalize-space()\u003d\u0027abc\u0027]}]","Capabilities":"Capabilities {acceptInsecureCerts: false, browserName: chrome, browserVersion: 120.0.6099.130, chrome: {chromedriverVersion: 120.0.6099.109 (3419140ab66..., userDataDir: C:\\Users\\TUSHAR~1\\AppData\\L...}, fedcm:accounts: true, goog:chromeOptions: {debuggerAddress: localhost:62756}, networkConnectionEnabled: false, pageLoadStrategy: normal, platformName: windows, proxy: Proxy(), se:cdp: ws://localhost:62756/devtoo..., se:cdpVersion: 120.0.6099.130, setWindowRect: true, strictFileInteractability: false, timeouts: {implicit: 0, pageLoad: 300000, script: 30000}, unhandledPromptBehavior: dismiss and notify, webauthn:extension:credBlob: true, webauthn:extension:largeBlob: true, webauthn:extension:minPinLength: true, webauthn:extension:prf: true, webauthn:virtualAuthenticators: true}","Session ID":"663e56a523f6ede14814f5e6d0e4b3e6"},"detailMessage":"no such element: Unable to locate element: {\"method\":\"xpath\",\"selector\":\"//b[normalize-space()\u003d\u0027abc\u0027]\"}\n  (Session info: chrome\u003d120.0.6099.130)","stackTrace":[{"moduleName":"java.base","moduleVersion":"17.0.8","declaringClass":"jdk.internal.reflect.NativeConstructorAccessorImpl","methodName":"newInstance0","fileName":"NativeConstructorAccessorImpl.java","lineNumber":-2,"format":2},{"moduleName":"java.base","moduleVersion":"17.0.8","declaringClass":"jdk.internal.reflect.NativeConstructorAccessorImpl","methodName":"newInstance","fileName":"NativeConstructorAccessorImpl.java","lineNumber":77,"format":2},{"moduleName":"java.base","moduleVersion":"17.0.8","declaringClass":"jdk.internal.reflect.DelegatingConstructorAccessorImpl","methodName":"newInstance","fileName":"DelegatingConstructorAccessorImpl.java","lineNumber":45,"format":2},{"moduleName":"java.base","moduleVersion":"17.0.8","declaringClass":"java.lang.reflect.Constructor","methodName":"newInstanceWithCaller","fileName":"Constructor.java","lineNumber":499,"format":2},{"moduleName":"java.base","moduleVersion":"17.0.8","declaringClass":"java.lang.reflect.Constructor","methodName":"newInstance","fileName":"Constructor.java","lineNumber":480,"format":2},{"classLoaderName":"app","declaringClass":"org.openqa.selenium.remote.codec.w3c.W3CHttpResponseCodec","methodName":"createException","fileName":"W3CHttpResponseCodec.java","lineNumber":200,"format":1},{"classLoaderName":"app","declaringClass":"org.openqa.selenium.remote.codec.w3c.W3CHttpResponseCodec","methodName":"decode","fileName":"W3CHttpResponseCodec.java","lineNumber":133,"format":1},{"classLoaderName":"app","declaringClass":"org.openqa.selenium.remote.codec.w3c.W3CHttpResponseCodec","methodName":"decode","fileName":"W3CHttpResponseCodec.java","lineNumber":52,"format":1},{"classLoaderName":"app","declaringClass":"org.openqa.selenium.remote.HttpCommandExecutor","methodName":"execute","fileName":"HttpCommandExecutor.java","lineNumber":191,"format":1},{"classLoaderName":"app","declaringClass":"org.openqa.selenium.remote.service.DriverCommandExecutor","methodName":"invokeExecute","fileName":"DriverCommandExecutor.java","lineNumber":200,"format":1},{"classLoaderName":"app","declaringClass":"org.openqa.selenium.remote.service.DriverCommandExecutor","methodName":"execute","fileName":"DriverCommandExecutor.java","lineNumber":175,"format":1},{"classLoaderName":"app","declaringClass":"org.openqa.selenium.remote.RemoteWebDriver","methodName":"execute","fileName":"RemoteWebDriver.java","lineNumber":607,"format":1},{"classLoaderName":"app","declaringClass":"org.openqa.selenium.remote.ElementLocation$ElementFinder$2","methodName":"findElement","fileName":"ElementLocation.java","lineNumber":165,"format":1},{"classLoaderName":"app","declaringClass":"org.openqa.selenium.remote.ElementLocation","methodName":"findElement","fileName":"ElementLocation.java","lineNumber":59,"format":1},{"classLoaderName":"app","declaringClass":"org.openqa.selenium.remote.RemoteWebDriver","methodName":"findElement","fileName":"RemoteWebDriver.java","lineNumber":364,"format":1},{"classLoaderName":"app","declaringClass":"org.openqa.selenium.remote.RemoteWebDriver","methodName":"findElement","fileName":"RemoteWebDriver.java","lineNumber":358,"format":1},{"classLoaderName":"app","declaringClass":"org.openqa.selenium.support.pagefactory.DefaultElementLocator","methodName":"findElement","fileName":"DefaultElementLocator.java","lineNumber":68,"format":1},{"classLoaderName":"app","declaringClass":"org.openqa.selenium.support.pagefactory.internal.LocatingElementHandler","methodName":"invoke","fileName":"LocatingElementHandler.java","lineNumber":38,"format":1},{"classLoaderName":"app","moduleName":"jdk.proxy2","declaringClass":"jdk.proxy2.$Proxy29","methodName":"getText","lineNumber":-1,"format":1},{"classLoaderName":"app","declaringClass":"com.automationexercise.utility.Utility","methodName":"getTextFromElement","fileName":"Utility.java","lineNumber":62,"format":1},{"classLoaderName":"app","declaringClass":"com.automationexercise.pages.LoginPage","methodName":"verifyLoggedInText","fileName":"LoginPage.java","lineNumber":16,"format":1},{"classLoaderName":"app","declaringClass":"com.automationexercise.steps.LoginTestSteps","methodName":"iShouldSeeThatLoggedInAsUsernameIsVisible","fileName":"LoginTestSteps.java","lineNumber":32,"format":1},{"declaringClass":"✽","methodName":"I should see  that Logged in as username is visible","fileName":"file:///C:/Users/Tushar%20LP/IdeaProjects/automationexercise-cucumber/src/test/resources/features/login.feature","lineNumber":13,"format":0}],"suppressedExceptions":[]},"stackTrace":"org.openqa.selenium.NoSuchElementException: no such element: Unable to locate element: {\"method\":\"xpath\",\"selector\":\"//b[normalize-space()\u003d\u0027abc\u0027]\"}\n  (Session info: chrome\u003d120.0.6099.130)\nFor documentation on this error, please visit: https://www.selenium.dev/documentation/webdriver/troubleshooting/errors#no-such-element-exception\nBuild info: version: \u00274.15.0\u0027, revision: \u00271d14b5521b\u0027\nSystem info: os.name: \u0027Windows 10\u0027, os.arch: \u0027amd64\u0027, os.version: \u002710.0\u0027, java.version: \u002717.0.8\u0027\nDriver info: org.openqa.selenium.chrome.ChromeDriver\nCommand: [663e56a523f6ede14814f5e6d0e4b3e6, findElement {using\u003dxpath, value\u003d//b[normalize-space()\u003d\u0027abc\u0027]}]\nCapabilities {acceptInsecureCerts: false, browserName: chrome, browserVersion: 120.0.6099.130, chrome: {chromedriverVersion: 120.0.6099.109 (3419140ab66..., userDataDir: C:\\Users\\TUSHAR~1\\AppData\\L...}, fedcm:accounts: true, goog:chromeOptions: {debuggerAddress: localhost:62756}, networkConnectionEnabled: false, pageLoadStrategy: normal, platformName: windows, proxy: Proxy(), se:cdp: ws://localhost:62756/devtoo..., se:cdpVersion: 120.0.6099.130, setWindowRect: true, strictFileInteractability: false, timeouts: {implicit: 0, pageLoad: 300000, script: 30000}, unhandledPromptBehavior: dismiss and notify, webauthn:extension:credBlob: true, webauthn:extension:largeBlob: true, webauthn:extension:minPinLength: true, webauthn:extension:prf: true, webauthn:virtualAuthenticators: true}\nSession ID: 663e56a523f6ede14814f5e6d0e4b3e6\r\n\tat java.base/jdk.internal.reflect.NativeConstructorAccessorImpl.newInstance0(Native Method)\r\n\tat java.base/jdk.internal.reflect.NativeConstructorAccessorImpl.newInstance(NativeConstructorAccessorImpl.java:77)\r\n\tat java.base/jdk.internal.reflect.DelegatingConstructorAccessorImpl.newInstance(DelegatingConstructorAccessorImpl.java:45)\r\n\tat java.base/java.lang.reflect.Constructor.newInstanceWithCaller(Constructor.java:499)\r\n\tat java.base/java.lang.reflect.Constructor.newInstance(Constructor.java:480)\r\n\tat org.openqa.selenium.remote.codec.w3c.W3CHttpResponseCodec.createException(W3CHttpResponseCodec.java:200)\r\n\tat org.openqa.selenium.remote.codec.w3c.W3CHttpResponseCodec.decode(W3CHttpResponseCodec.java:133)\r\n\tat org.openqa.selenium.remote.codec.w3c.W3CHttpResponseCodec.decode(W3CHttpResponseCodec.java:52)\r\n\tat org.openqa.selenium.remote.HttpCommandExecutor.execute(HttpCommandExecutor.java:191)\r\n\tat org.openqa.selenium.remote.service.DriverCommandExecutor.invokeExecute(DriverCommandExecutor.java:200)\r\n\tat org.openqa.selenium.remote.service.DriverCommandExecutor.execute(DriverCommandExecutor.java:175)\r\n\tat org.openqa.selenium.remote.RemoteWebDriver.execute(RemoteWebDriver.java:607)\r\n\tat org.openqa.selenium.remote.ElementLocation$ElementFinder$2.findElement(ElementLocation.java:165)\r\n\tat org.openqa.selenium.remote.ElementLocation.findElement(ElementLocation.java:59)\r\n\tat org.openqa.selenium.remote.RemoteWebDriver.findElement(RemoteWebDriver.java:364)\r\n\tat org.openqa.selenium.remote.RemoteWebDriver.findElement(RemoteWebDriver.java:358)\r\n\tat org.openqa.selenium.support.pagefactory.DefaultElementLocator.findElement(DefaultElementLocator.java:68)\r\n\tat org.openqa.selenium.support.pagefactory.internal.LocatingElementHandler.invoke(LocatingElementHandler.java:38)\r\n\tat jdk.proxy2/jdk.proxy2.$Proxy29.getText(Unknown Source)\r\n\tat com.automationexercise.utility.Utility.getTextFromElement(Utility.java:62)\r\n\tat com.automationexercise.pages.LoginPage.verifyLoggedInText(LoginPage.java:16)\r\n\tat com.automationexercise.steps.LoginTestSteps.iShouldSeeThatLoggedInAsUsernameIsVisible(LoginTestSteps.java:32)\r\n\tat ✽.I should see  that Logged in as username is visible(file:///C:/Users/Tushar%20LP/IdeaProjects/automationexercise-cucumber/src/test/resources/features/login.feature:13)\r\n","name":"org.openqa.selenium.NoSuchElementException"}],"authorSet":[],"categorySet":[],"deviceSet":[],"generatedLog":[]},{"useNaturalConf":true,"startTime":"Dec 28, 2023, 9:44:46 AM","endTime":"Dec 28, 2023, 9:44:46 AM","status":"SKIP","level":2,"isLeaf":true,"name":"And I Click Delete Account button","description":"com.automationexercise.steps.AccountTestSteps.iClickDeleteAccountButton()","bddType":"com.aventstack.extentreports.gherkin.model.And","infoMap":{},"children":[],"logs":[{"timestamp":"Dec 28, 2023, 9:44:46 AM","status":"SKIP","details":"Step skipped","seq":0,"infoMap":{}}],"media":[],"exceptions":[],"authorSet":[],"categorySet":[],"deviceSet":[],"generatedLog":[]},{"useNaturalConf":true,"startTime":"Dec 28, 2023, 9:44:46 AM","endTime":"Dec 28, 2023, 9:44:46 AM","status":"SKIP","level":2,"isLeaf":true,"name":"Then I should see that ACCOUNT DELETED! is visible","description":"com.automationexercise.steps.LoginTestSteps.iShouldSeeThatACCOUNTDELETEDIsVisible()","bddType":"com.aventstack.extentreports.gherkin.model.Then","infoMap":{},"children":[],"logs":[{"timestamp":"Dec 28, 2023, 9:44:46 AM","status":"SKIP","details":"Step skipped","seq":0,"infoMap":{}}],"media":[],"exceptions":[],"authorSet":[],"categorySet":[],"deviceSet":[],"generatedLog":[]}],"logs":[],"media":[],"exceptions":[],"authorSet":[],"categorySet":[{"name":"@smoke"}],"deviceSet":[],"generatedLog":[]}],"logs":[],"media":[],"exceptions":[],"authorSet":[],"categorySet":[],"deviceSet":[],"generatedLog":[]},{"useNaturalConf":true,"startTime":"Dec 28, 2023, 9:44:47 AM","endTime":"Dec 28, 2023, 9:45:06 AM","status":"FAIL","level":0,"isLeaf":false,"name":"Product quantity","description":"  As a user,I want to verify product qty in cart","bddType":"com.aventstack.extentreports.gherkin.model.Feature","infoMap":{},"children":[{"useNaturalConf":true,"startTime":"Dec 28, 2023, 9:44:47 AM","endTime":"Dec 28, 2023, 9:45:06 AM","status":"FAIL","level":1,"isLeaf":false,"name":"verify product quantity in cart","description":"","bddType":"com.aventstack.extentreports.gherkin.model.Scenario","infoMap":{},"children":[{"useNaturalConf":true,"startTime":"Dec 28, 2023, 9:44:53 AM","endTime":"Dec 28, 2023, 9:44:53 AM","status":"PASS","level":2,"isLeaf":true,"name":"Given I am on Homepage","description":"com.automationexercise.steps.RegisterTestSteps.iAmOnHomepage()","bddType":"com.aventstack.extentreports.gherkin.model.Given","infoMap":{},"children":[],"logs":[{"timestamp":"Dec 28, 2023, 9:44:53 AM","status":"PASS","details":"","seq":0,"infoMap":{}}],"media":[],"exceptions":[],"authorSet":[],"categorySet":[],"deviceSet":[],"generatedLog":[]},{"useNaturalConf":true,"startTime":"Dec 28, 2023, 9:44:53 AM","endTime":"Dec 28, 2023, 9:44:55 AM","status":"PASS","level":2,"isLeaf":true,"name":"When I Click on Products button","description":"com.automationexercise.steps.ProductsTestSteps.iClickOnProductsButton()","bddType":"com.aventstack.extentreports.gherkin.model.When","infoMap":{},"children":[],"logs":[{"timestamp":"Dec 28, 2023, 9:44:55 AM","status":"PASS","details":"","seq":0,"infoMap":{}}],"media":[],"exceptions":[],"authorSet":[],"categorySet":[],"deviceSet":[],"generatedLog":[]},{"useNaturalConf":true,"startTime":"Dec 28, 2023, 9:44:55 AM","endTime":"Dec 28, 2023, 9:45:00 AM","status":"PASS","level":2,"isLeaf":true,"name":"And I should see that user is navigated to ALL PRODUCTS page successfully","description":"com.automationexercise.steps.ProductsTestSteps.iShouldSeeThatUserIsNavigatedToALLPRODUCTSPageSuccessfully()","bddType":"com.aventstack.extentreports.gherkin.model.And","infoMap":{},"children":[],"logs":[{"timestamp":"Dec 28, 2023, 9:45:00 AM","status":"PASS","details":"","seq":0,"infoMap":{}}],"media":[],"exceptions":[],"authorSet":[],"categorySet":[],"deviceSet":[],"generatedLog":[]},{"useNaturalConf":true,"startTime":"Dec 28, 2023, 9:45:00 AM","endTime":"Dec 28, 2023, 9:45:00 AM","status":"PASS","level":2,"isLeaf":true,"name":"And The products list is visible","description":"com.automationexercise.steps.ProductsTestSteps.theProductsListIsVisible()","bddType":"com.aventstack.extentreports.gherkin.model.And","infoMap":{},"children":[],"logs":[{"timestamp":"Dec 28, 2023, 9:45:00 AM","status":"PASS","details":"","seq":0,"infoMap":{}}],"media":[],"exceptions":[],"authorSet":[],"categorySet":[],"deviceSet":[],"generatedLog":[]},{"useNaturalConf":true,"startTime":"Dec 28, 2023, 9:45:00 AM","endTime":"Dec 28, 2023, 9:45:02 AM","status":"PASS","level":2,"isLeaf":true,"name":"And I Click on View Product of first product","description":"com.automationexercise.steps.ProductsTestSteps.iClickOnViewProductOfFirstProduct()","bddType":"com.aventstack.extentreports.gherkin.model.And","infoMap":{},"children":[],"logs":[{"timestamp":"Dec 28, 2023, 9:45:02 AM","status":"PASS","details":"","seq":0,"infoMap":{}}],"media":[],"exceptions":[],"authorSet":[],"categorySet":[],"deviceSet":[],"generatedLog":[]},{"useNaturalConf":true,"startTime":"Dec 28, 2023, 9:45:02 AM","endTime":"Dec 28, 2023, 9:45:03 AM","status":"PASS","level":2,"isLeaf":true,"name":"And I should see detail is visible: product name, category, price, availability, condition, brand","description":"com.automationexercise.steps.ProductsTestSteps.iShouldSeeDetailIsVisibleProductNameCategoryPriceAvailabilityConditionBrand()","bddType":"com.aventstack.extentreports.gherkin.model.And","infoMap":{},"children":[],"logs":[{"timestamp":"Dec 28, 2023, 9:45:03 AM","status":"PASS","details":"","seq":0,"infoMap":{}}],"media":[],"exceptions":[],"authorSet":[],"categorySet":[],"deviceSet":[],"generatedLog":[]},{"useNaturalConf":true,"startTime":"Dec 28, 2023, 9:45:03 AM","endTime":"Dec 28, 2023, 9:45:03 AM","status":"PASS","level":2,"isLeaf":true,"name":"And I Increase quantity to \"4\"","description":"com.automationexercise.steps.AddProductToCartTestSteps.iIncreaseQuantityTo(java.lang.String)","bddType":"com.aventstack.extentreports.gherkin.model.And","infoMap":{},"children":[],"logs":[{"timestamp":"Dec 28, 2023, 9:45:03 AM","status":"PASS","details":"","seq":0,"infoMap":{}}],"media":[],"exceptions":[],"authorSet":[],"categorySet":[],"deviceSet":[],"generatedLog":[]},{"useNaturalConf":true,"startTime":"Dec 28, 2023, 9:45:03 AM","endTime":"Dec 28, 2023, 9:45:04 AM","status":"PASS","level":2,"isLeaf":true,"name":"And I click Add to cart button","description":"com.automationexercise.steps.AddProductToCartTestSteps.iClickAddToCartButton()","bddType":"com.aventstack.extentreports.gherkin.model.And","infoMap":{},"children":[],"logs":[{"timestamp":"Dec 28, 2023, 9:45:04 AM","status":"PASS","details":"","seq":0,"infoMap":{}}],"media":[],"exceptions":[],"authorSet":[],"categorySet":[],"deviceSet":[],"generatedLog":[]},{"useNaturalConf":true,"startTime":"Dec 28, 2023, 9:45:04 AM","endTime":"Dec 28, 2023, 9:45:04 AM","status":"PASS","level":2,"isLeaf":true,"name":"And I Click View Cart button","description":"com.automationexercise.steps.AddProductToCartTestSteps.iClickViewCartButton()","bddType":"com.aventstack.extentreports.gherkin.model.And","infoMap":{},"children":[],"logs":[{"timestamp":"Dec 28, 2023, 9:45:04 AM","status":"PASS","details":"","seq":0,"infoMap":{}}],"media":[],"exceptions":[],"authorSet":[],"categorySet":[],"deviceSet":[],"generatedLog":[]},{"useNaturalConf":true,"startTime":"Dec 28, 2023, 9:45:04 AM","endTime":"Dec 28, 2023, 9:45:04 AM","status":"FAIL","level":2,"isLeaf":true,"name":"Then I should Verify that product name is displayed in cart page with exact quantity\"4\"","description":"com.automationexercise.steps.AddProductToCartTestSteps.iShouldVerifyThatProductNameIsDisplayedInCartPageWithExactQuantity(java.lang.String,java.lang.String)","bddType":"com.aventstack.extentreports.gherkin.model.Then","infoMap":{},"children":[],"logs":[{"timestamp":"Dec 28, 2023, 9:45:04 AM","status":"FAIL","details":"","seq":0,"infoMap":{},"exception":{"exception":{"detailMessage":"Step [I should Verify that product name is displayed in cart page with exact quantity{string}] is defined with 2 parameters at \u0027com.automationexercise.steps.AddProductToCartTestSteps.iShouldVerifyThatProductNameIsDisplayedInCartPageWithExactQuantity(java.lang.String,java.lang.String)\u0027.\nHowever, the gherkin step has 1 arguments:\n * \"4\"\nStep text: I should Verify that product name is displayed in cart page with exact quantity\"4\"","stackTrace":[{"classLoaderName":"app","declaringClass":"io.cucumber.core.runner.PickleStepDefinitionMatch","methodName":"arityMismatch","fileName":"PickleStepDefinitionMatch.java","lineNumber":83,"format":1},{"classLoaderName":"app","declaringClass":"io.cucumber.core.runner.PickleStepDefinitionMatch","methodName":"runStep","fileName":"PickleStepDefinitionMatch.java","lineNumber":42,"format":1},{"classLoaderName":"app","declaringClass":"io.cucumber.core.runner.ExecutionMode$1","methodName":"execute","fileName":"ExecutionMode.java","lineNumber":10,"format":1},{"classLoaderName":"app","declaringClass":"io.cucumber.core.runner.TestStep","methodName":"executeStep","fileName":"TestStep.java","lineNumber":84,"format":1},{"classLoaderName":"app","declaringClass":"io.cucumber.core.runner.TestStep","methodName":"run","fileName":"TestStep.java","lineNumber":56,"format":1},{"classLoaderName":"app","declaringClass":"io.cucumber.core.runner.PickleStepTestStep","methodName":"run","fileName":"PickleStepTestStep.java","lineNumber":51,"format":1},{"classLoaderName":"app","declaringClass":"io.cucumber.core.runner.TestCase","methodName":"run","fileName":"TestCase.java","lineNumber":84,"format":1},{"classLoaderName":"app","declaringClass":"io.cucumber.core.runner.Runner","methodName":"runPickle","fileName":"Runner.java","lineNumber":75,"format":1},{"classLoaderName":"app","declaringClass":"io.cucumber.testng.TestNGCucumberRunner","methodName":"lambda$runScenario$1","fileName":"TestNGCucumberRunner.java","lineNumber":132,"format":1},{"classLoaderName":"app","declaringClass":"io.cucumber.core.runtime.CucumberExecutionContext","methodName":"lambda$runTestCase$5","fileName":"CucumberExecutionContext.java","lineNumber":137,"format":1},{"classLoaderName":"app","declaringClass":"io.cucumber.core.runtime.RethrowingThrowableCollector","methodName":"executeAndThrow","fileName":"RethrowingThrowableCollector.java","lineNumber":23,"format":1},{"classLoaderName":"app","declaringClass":"io.cucumber.core.runtime.CucumberExecutionContext","methodName":"runTestCase","fileName":"CucumberExecutionContext.java","lineNumber":137,"format":1},{"classLoaderName":"app","declaringClass":"io.cucumber.testng.TestNGCucumberRunner","methodName":"runScenario","fileName":"TestNGCucumberRunner.java","lineNumber":129,"format":1},{"classLoaderName":"app","declaringClass":"io.cucumber.testng.AbstractTestNGCucumberTests","methodName":"runScenario","fileName":"AbstractTestNGCucumberTests.java","lineNumber":35,"format":1},{"moduleName":"java.base","moduleVersion":"17.0.8","declaringClass":"jdk.internal.reflect.NativeMethodAccessorImpl","methodName":"invoke0","fileName":"NativeMethodAccessorImpl.java","lineNumber":-2,"format":2},{"moduleName":"java.base","moduleVersion":"17.0.8","declaringClass":"jdk.internal.reflect.NativeMethodAccessorImpl","methodName":"invoke","fileName":"NativeMethodAccessorImpl.java","lineNumber":77,"format":2},{"moduleName":"java.base","moduleVersion":"17.0.8","declaringClass":"jdk.internal.reflect.DelegatingMethodAccessorImpl","methodName":"invoke","fileName":"DelegatingMethodAccessorImpl.java","lineNumber":43,"format":2},{"moduleName":"java.base","moduleVersion":"17.0.8","declaringClass":"java.lang.reflect.Method","methodName":"invoke","fileName":"Method.java","lineNumber":568,"format":2},{"classLoaderName":"app","declaringClass":"org.testng.internal.invokers.MethodInvocationHelper","methodName":"invokeMethod","fileName":"MethodInvocationHelper.java","lineNumber":139,"format":1},{"classLoaderName":"app","declaringClass":"org.testng.internal.invokers.TestInvoker","methodName":"invokeMethod","fileName":"TestInvoker.java","lineNumber":664,"format":1},{"classLoaderName":"app","declaringClass":"org.testng.internal.invokers.TestInvoker","methodName":"invokeTestMethod","fileName":"TestInvoker.java","lineNumber":227,"format":1},{"classLoaderName":"app","declaringClass":"org.testng.internal.invokers.MethodRunner","methodName":"runInSequence","fileName":"MethodRunner.java","lineNumber":50,"format":1},{"classLoaderName":"app","declaringClass":"org.testng.internal.invokers.TestInvoker$MethodInvocationAgent","methodName":"invoke","fileName":"TestInvoker.java","lineNumber":957,"format":1},{"classLoaderName":"app","declaringClass":"org.testng.internal.invokers.TestInvoker","methodName":"invokeTestMethods","fileName":"TestInvoker.java","lineNumber":200,"format":1},{"classLoaderName":"app","declaringClass":"org.testng.internal.invokers.TestMethodWorker","methodName":"invokeTestMethods","fileName":"TestMethodWorker.java","lineNumber":148,"format":1},{"classLoaderName":"app","declaringClass":"org.testng.internal.invokers.TestMethodWorker","methodName":"run","fileName":"TestMethodWorker.java","lineNumber":128,"format":1},{"moduleName":"java.base","moduleVersion":"17.0.8","declaringClass":"java.util.ArrayList","methodName":"forEach","fileName":"ArrayList.java","lineNumber":1511,"format":2},{"classLoaderName":"app","declaringClass":"org.testng.TestRunner","methodName":"privateRun","fileName":"TestRunner.java","lineNumber":848,"format":1},{"classLoaderName":"app","declaringClass":"org.testng.TestRunner","methodName":"run","fileName":"TestRunner.java","lineNumber":621,"format":1},{"classLoaderName":"app","declaringClass":"org.testng.SuiteRunner","methodName":"runTest","fileName":"SuiteRunner.java","lineNumber":443,"format":1},{"classLoaderName":"app","declaringClass":"org.testng.SuiteRunner","methodName":"runSequentially","fileName":"SuiteRunner.java","lineNumber":437,"format":1},{"classLoaderName":"app","declaringClass":"org.testng.SuiteRunner","methodName":"privateRun","fileName":"SuiteRunner.java","lineNumber":397,"format":1},{"classLoaderName":"app","declaringClass":"org.testng.SuiteRunner","methodName":"run","fileName":"SuiteRunner.java","lineNumber":336,"format":1},{"classLoaderName":"app","declaringClass":"org.testng.SuiteRunnerWorker","methodName":"runSuite","fileName":"SuiteRunnerWorker.java","lineNumber":52,"format":1},{"classLoaderName":"app","declaringClass":"org.testng.SuiteRunnerWorker","methodName":"run","fileName":"SuiteRunnerWorker.java","lineNumber":95,"format":1},{"classLoaderName":"app","declaringClass":"org.testng.TestNG","methodName":"runSuitesSequentially","fileName":"TestNG.java","lineNumber":1280,"format":1},{"classLoaderName":"app","declaringClass":"org.testng.TestNG","methodName":"runSuitesLocally","fileName":"TestNG.java","lineNumber":1200,"format":1},{"classLoaderName":"app","declaringClass":"org.testng.TestNG","methodName":"runSuites","fileName":"TestNG.java","lineNumber":1114,"format":1},{"classLoaderName":"app","declaringClass":"org.testng.TestNG","methodName":"run","fileName":"TestNG.java","lineNumber":1082,"format":1},{"classLoaderName":"app","declaringClass":"com.intellij.rt.testng.IDEARemoteTestNG","methodName":"run","fileName":"IDEARemoteTestNG.java","lineNumber":66,"format":1},{"classLoaderName":"app","declaringClass":"com.intellij.rt.testng.RemoteTestNGStarter","methodName":"main","fileName":"RemoteTestNGStarter.java","lineNumber":105,"format":1}],"suppressedExceptions":[]},"stackTrace":"io.cucumber.core.exception.CucumberException: Step [I should Verify that product name is displayed in cart page with exact quantity{string}] is defined with 2 parameters at \u0027com.automationexercise.steps.AddProductToCartTestSteps.iShouldVerifyThatProductNameIsDisplayedInCartPageWithExactQuantity(java.lang.String,java.lang.String)\u0027.\nHowever, the gherkin step has 1 arguments:\n * \"4\"\nStep text: I should Verify that product name is displayed in cart page with exact quantity\"4\"\r\n\tat io.cucumber.core.runner.PickleStepDefinitionMatch.arityMismatch(PickleStepDefinitionMatch.java:83)\r\n\tat io.cucumber.core.runner.PickleStepDefinitionMatch.runStep(PickleStepDefinitionMatch.java:42)\r\n\tat io.cucumber.core.runner.ExecutionMode$1.execute(ExecutionMode.java:10)\r\n\tat io.cucumber.core.runner.TestStep.executeStep(TestStep.java:84)\r\n\tat io.cucumber.core.runner.TestStep.run(TestStep.java:56)\r\n\tat io.cucumber.core.runner.PickleStepTestStep.run(PickleStepTestStep.java:51)\r\n\tat io.cucumber.core.runner.TestCase.run(TestCase.java:84)\r\n\tat io.cucumber.core.runner.Runner.runPickle(Runner.java:75)\r\n\tat io.cucumber.testng.TestNGCucumberRunner.lambda$runScenario$1(TestNGCucumberRunner.java:132)\r\n\tat io.cucumber.core.runtime.CucumberExecutionContext.lambda$runTestCase$5(CucumberExecutionContext.java:137)\r\n\tat io.cucumber.core.runtime.RethrowingThrowableCollector.executeAndThrow(RethrowingThrowableCollector.java:23)\r\n\tat io.cucumber.core.runtime.CucumberExecutionContext.runTestCase(CucumberExecutionContext.java:137)\r\n\tat io.cucumber.testng.TestNGCucumberRunner.runScenario(TestNGCucumberRunner.java:129)\r\n\tat io.cucumber.testng.AbstractTestNGCucumberTests.runScenario(AbstractTestNGCucumberTests.java:35)\r\n\tat java.base/jdk.internal.reflect.NativeMethodAccessorImpl.invoke0(Native Method)\r\n\tat java.base/jdk.internal.reflect.NativeMethodAccessorImpl.invoke(NativeMethodAccessorImpl.java:77)\r\n\tat java.base/jdk.internal.reflect.DelegatingMethodAccessorImpl.invoke(DelegatingMethodAccessorImpl.java:43)\r\n\tat java.base/java.lang.reflect.Method.invoke(Method.java:568)\r\n\tat org.testng.internal.invokers.MethodInvocationHelper.invokeMethod(MethodInvocationHelper.java:139)\r\n\tat org.testng.internal.invokers.TestInvoker.invokeMethod(TestInvoker.java:664)\r\n\tat org.testng.internal.invokers.TestInvoker.invokeTestMethod(TestInvoker.java:227)\r\n\tat org.testng.internal.invokers.MethodRunner.runInSequence(MethodRunner.java:50)\r\n\tat org.testng.internal.invokers.TestInvoker$MethodInvocationAgent.invoke(TestInvoker.java:957)\r\n\tat org.testng.internal.invokers.TestInvoker.invokeTestMethods(TestInvoker.java:200)\r\n\tat org.testng.internal.invokers.TestMethodWorker.invokeTestMethods(TestMethodWorker.java:148)\r\n\tat org.testng.internal.invokers.TestMethodWorker.run(TestMethodWorker.java:128)\r\n\tat java.base/java.util.ArrayList.forEach(ArrayList.java:1511)\r\n\tat org.testng.TestRunner.privateRun(TestRunner.java:848)\r\n\tat org.testng.TestRunner.run(TestRunner.java:621)\r\n\tat org.testng.SuiteRunner.runTest(SuiteRunner.java:443)\r\n\tat org.testng.SuiteRunner.runSequentially(SuiteRunner.java:437)\r\n\tat org.testng.SuiteRunner.privateRun(SuiteRunner.java:397)\r\n\tat org.testng.SuiteRunner.run(SuiteRunner.java:336)\r\n\tat org.testng.SuiteRunnerWorker.runSuite(SuiteRunnerWorker.java:52)\r\n\tat org.testng.SuiteRunnerWorker.run(SuiteRunnerWorker.java:95)\r\n\tat org.testng.TestNG.runSuitesSequentially(TestNG.java:1280)\r\n\tat org.testng.TestNG.runSuitesLocally(TestNG.java:1200)\r\n\tat org.testng.TestNG.runSuites(TestNG.java:1114)\r\n\tat org.testng.TestNG.run(TestNG.java:1082)\r\n\tat com.intellij.rt.testng.IDEARemoteTestNG.run(IDEARemoteTestNG.java:66)\r\n\tat com.intellij.rt.testng.RemoteTestNGStarter.main(RemoteTestNGStarter.java:105)\r\n","name":"io.cucumber.core.exception.CucumberException"}}],"media":[],"exceptions":[{"exception":{"detailMessage":"Step [I should Verify that product name is displayed in cart page with exact quantity{string}] is defined with 2 parameters at \u0027com.automationexercise.steps.AddProductToCartTestSteps.iShouldVerifyThatProductNameIsDisplayedInCartPageWithExactQuantity(java.lang.String,java.lang.String)\u0027.\nHowever, the gherkin step has 1 arguments:\n * \"4\"\nStep text: I should Verify that product name is displayed in cart page with exact quantity\"4\"","stackTrace":[{"classLoaderName":"app","declaringClass":"io.cucumber.core.runner.PickleStepDefinitionMatch","methodName":"arityMismatch","fileName":"PickleStepDefinitionMatch.java","lineNumber":83,"format":1},{"classLoaderName":"app","declaringClass":"io.cucumber.core.runner.PickleStepDefinitionMatch","methodName":"runStep","fileName":"PickleStepDefinitionMatch.java","lineNumber":42,"format":1},{"classLoaderName":"app","declaringClass":"io.cucumber.core.runner.ExecutionMode$1","methodName":"execute","fileName":"ExecutionMode.java","lineNumber":10,"format":1},{"classLoaderName":"app","declaringClass":"io.cucumber.core.runner.TestStep","methodName":"executeStep","fileName":"TestStep.java","lineNumber":84,"format":1},{"classLoaderName":"app","declaringClass":"io.cucumber.core.runner.TestStep","methodName":"run","fileName":"TestStep.java","lineNumber":56,"format":1},{"classLoaderName":"app","declaringClass":"io.cucumber.core.runner.PickleStepTestStep","methodName":"run","fileName":"PickleStepTestStep.java","lineNumber":51,"format":1},{"classLoaderName":"app","declaringClass":"io.cucumber.core.runner.TestCase","methodName":"run","fileName":"TestCase.java","lineNumber":84,"format":1},{"classLoaderName":"app","declaringClass":"io.cucumber.core.runner.Runner","methodName":"runPickle","fileName":"Runner.java","lineNumber":75,"format":1},{"classLoaderName":"app","declaringClass":"io.cucumber.testng.TestNGCucumberRunner","methodName":"lambda$runScenario$1","fileName":"TestNGCucumberRunner.java","lineNumber":132,"format":1},{"classLoaderName":"app","declaringClass":"io.cucumber.core.runtime.CucumberExecutionContext","methodName":"lambda$runTestCase$5","fileName":"CucumberExecutionContext.java","lineNumber":137,"format":1},{"classLoaderName":"app","declaringClass":"io.cucumber.core.runtime.RethrowingThrowableCollector","methodName":"executeAndThrow","fileName":"RethrowingThrowableCollector.java","lineNumber":23,"format":1},{"classLoaderName":"app","declaringClass":"io.cucumber.core.runtime.CucumberExecutionContext","methodName":"runTestCase","fileName":"CucumberExecutionContext.java","lineNumber":137,"format":1},{"classLoaderName":"app","declaringClass":"io.cucumber.testng.TestNGCucumberRunner","methodName":"runScenario","fileName":"TestNGCucumberRunner.java","lineNumber":129,"format":1},{"classLoaderName":"app","declaringClass":"io.cucumber.testng.AbstractTestNGCucumberTests","methodName":"runScenario","fileName":"AbstractTestNGCucumberTests.java","lineNumber":35,"format":1},{"moduleName":"java.base","moduleVersion":"17.0.8","declaringClass":"jdk.internal.reflect.NativeMethodAccessorImpl","methodName":"invoke0","fileName":"NativeMethodAccessorImpl.java","lineNumber":-2,"format":2},{"moduleName":"java.base","moduleVersion":"17.0.8","declaringClass":"jdk.internal.reflect.NativeMethodAccessorImpl","methodName":"invoke","fileName":"NativeMethodAccessorImpl.java","lineNumber":77,"format":2},{"moduleName":"java.base","moduleVersion":"17.0.8","declaringClass":"jdk.internal.reflect.DelegatingMethodAccessorImpl","methodName":"invoke","fileName":"DelegatingMethodAccessorImpl.java","lineNumber":43,"format":2},{"moduleName":"java.base","moduleVersion":"17.0.8","declaringClass":"java.lang.reflect.Method","methodName":"invoke","fileName":"Method.java","lineNumber":568,"format":2},{"classLoaderName":"app","declaringClass":"org.testng.internal.invokers.MethodInvocationHelper","methodName":"invokeMethod","fileName":"MethodInvocationHelper.java","lineNumber":139,"format":1},{"classLoaderName":"app","declaringClass":"org.testng.internal.invokers.TestInvoker","methodName":"invokeMethod","fileName":"TestInvoker.java","lineNumber":664,"format":1},{"classLoaderName":"app","declaringClass":"org.testng.internal.invokers.TestInvoker","methodName":"invokeTestMethod","fileName":"TestInvoker.java","lineNumber":227,"format":1},{"classLoaderName":"app","declaringClass":"org.testng.internal.invokers.MethodRunner","methodName":"runInSequence","fileName":"MethodRunner.java","lineNumber":50,"format":1},{"classLoaderName":"app","declaringClass":"org.testng.internal.invokers.TestInvoker$MethodInvocationAgent","methodName":"invoke","fileName":"TestInvoker.java","lineNumber":957,"format":1},{"classLoaderName":"app","declaringClass":"org.testng.internal.invokers.TestInvoker","methodName":"invokeTestMethods","fileName":"TestInvoker.java","lineNumber":200,"format":1},{"classLoaderName":"app","declaringClass":"org.testng.internal.invokers.TestMethodWorker","methodName":"invokeTestMethods","fileName":"TestMethodWorker.java","lineNumber":148,"format":1},{"classLoaderName":"app","declaringClass":"org.testng.internal.invokers.TestMethodWorker","methodName":"run","fileName":"TestMethodWorker.java","lineNumber":128,"format":1},{"moduleName":"java.base","moduleVersion":"17.0.8","declaringClass":"java.util.ArrayList","methodName":"forEach","fileName":"ArrayList.java","lineNumber":1511,"format":2},{"classLoaderName":"app","declaringClass":"org.testng.TestRunner","methodName":"privateRun","fileName":"TestRunner.java","lineNumber":848,"format":1},{"classLoaderName":"app","declaringClass":"org.testng.TestRunner","methodName":"run","fileName":"TestRunner.java","lineNumber":621,"format":1},{"classLoaderName":"app","declaringClass":"org.testng.SuiteRunner","methodName":"runTest","fileName":"SuiteRunner.java","lineNumber":443,"format":1},{"classLoaderName":"app","declaringClass":"org.testng.SuiteRunner","methodName":"runSequentially","fileName":"SuiteRunner.java","lineNumber":437,"format":1},{"classLoaderName":"app","declaringClass":"org.testng.SuiteRunner","methodName":"privateRun","fileName":"SuiteRunner.java","lineNumber":397,"format":1},{"classLoaderName":"app","declaringClass":"org.testng.SuiteRunner","methodName":"run","fileName":"SuiteRunner.java","lineNumber":336,"format":1},{"classLoaderName":"app","declaringClass":"org.testng.SuiteRunnerWorker","methodName":"runSuite","fileName":"SuiteRunnerWorker.java","lineNumber":52,"format":1},{"classLoaderName":"app","declaringClass":"org.testng.SuiteRunnerWorker","methodName":"run","fileName":"SuiteRunnerWorker.java","lineNumber":95,"format":1},{"classLoaderName":"app","declaringClass":"org.testng.TestNG","methodName":"runSuitesSequentially","fileName":"TestNG.java","lineNumber":1280,"format":1},{"classLoaderName":"app","declaringClass":"org.testng.TestNG","methodName":"runSuitesLocally","fileName":"TestNG.java","lineNumber":1200,"format":1},{"classLoaderName":"app","declaringClass":"org.testng.TestNG","methodName":"runSuites","fileName":"TestNG.java","lineNumber":1114,"format":1},{"classLoaderName":"app","declaringClass":"org.testng.TestNG","methodName":"run","fileName":"TestNG.java","lineNumber":1082,"format":1},{"classLoaderName":"app","declaringClass":"com.intellij.rt.testng.IDEARemoteTestNG","methodName":"run","fileName":"IDEARemoteTestNG.java","lineNumber":66,"format":1},{"classLoaderName":"app","declaringClass":"com.intellij.rt.testng.RemoteTestNGStarter","methodName":"main","fileName":"RemoteTestNGStarter.java","lineNumber":105,"format":1}],"suppressedExceptions":[]},"stackTrace":"io.cucumber.core.exception.CucumberException: Step [I should Verify that product name is displayed in cart page with exact quantity{string}] is defined with 2 parameters at \u0027com.automationexercise.steps.AddProductToCartTestSteps.iShouldVerifyThatProductNameIsDisplayedInCartPageWithExactQuantity(java.lang.String,java.lang.String)\u0027.\nHowever, the gherkin step has 1 arguments:\n * \"4\"\nStep text: I should Verify that product name is displayed in cart page with exact quantity\"4\"\r\n\tat io.cucumber.core.runner.PickleStepDefinitionMatch.arityMismatch(PickleStepDefinitionMatch.java:83)\r\n\tat io.cucumber.core.runner.PickleStepDefinitionMatch.runStep(PickleStepDefinitionMatch.java:42)\r\n\tat io.cucumber.core.runner.ExecutionMode$1.execute(ExecutionMode.java:10)\r\n\tat io.cucumber.core.runner.TestStep.executeStep(TestStep.java:84)\r\n\tat io.cucumber.core.runner.TestStep.run(TestStep.java:56)\r\n\tat io.cucumber.core.runner.PickleStepTestStep.run(PickleStepTestStep.java:51)\r\n\tat io.cucumber.core.runner.TestCase.run(TestCase.java:84)\r\n\tat io.cucumber.core.runner.Runner.runPickle(Runner.java:75)\r\n\tat io.cucumber.testng.TestNGCucumberRunner.lambda$runScenario$1(TestNGCucumberRunner.java:132)\r\n\tat io.cucumber.core.runtime.CucumberExecutionContext.lambda$runTestCase$5(CucumberExecutionContext.java:137)\r\n\tat io.cucumber.core.runtime.RethrowingThrowableCollector.executeAndThrow(RethrowingThrowableCollector.java:23)\r\n\tat io.cucumber.core.runtime.CucumberExecutionContext.runTestCase(CucumberExecutionContext.java:137)\r\n\tat io.cucumber.testng.TestNGCucumberRunner.runScenario(TestNGCucumberRunner.java:129)\r\n\tat io.cucumber.testng.AbstractTestNGCucumberTests.runScenario(AbstractTestNGCucumberTests.java:35)\r\n\tat java.base/jdk.internal.reflect.NativeMethodAccessorImpl.invoke0(Native Method)\r\n\tat java.base/jdk.internal.reflect.NativeMethodAccessorImpl.invoke(NativeMethodAccessorImpl.java:77)\r\n\tat java.base/jdk.internal.reflect.DelegatingMethodAccessorImpl.invoke(DelegatingMethodAccessorImpl.java:43)\r\n\tat java.base/java.lang.reflect.Method.invoke(Method.java:568)\r\n\tat org.testng.internal.invokers.MethodInvocationHelper.invokeMethod(MethodInvocationHelper.java:139)\r\n\tat org.testng.internal.invokers.TestInvoker.invokeMethod(TestInvoker.java:664)\r\n\tat org.testng.internal.invokers.TestInvoker.invokeTestMethod(TestInvoker.java:227)\r\n\tat org.testng.internal.invokers.MethodRunner.runInSequence(MethodRunner.java:50)\r\n\tat org.testng.internal.invokers.TestInvoker$MethodInvocationAgent.invoke(TestInvoker.java:957)\r\n\tat org.testng.internal.invokers.TestInvoker.invokeTestMethods(TestInvoker.java:200)\r\n\tat org.testng.internal.invokers.TestMethodWorker.invokeTestMethods(TestMethodWorker.java:148)\r\n\tat org.testng.internal.invokers.TestMethodWorker.run(TestMethodWorker.java:128)\r\n\tat java.base/java.util.ArrayList.forEach(ArrayList.java:1511)\r\n\tat org.testng.TestRunner.privateRun(TestRunner.java:848)\r\n\tat org.testng.TestRunner.run(TestRunner.java:621)\r\n\tat org.testng.SuiteRunner.runTest(SuiteRunner.java:443)\r\n\tat org.testng.SuiteRunner.runSequentially(SuiteRunner.java:437)\r\n\tat org.testng.SuiteRunner.privateRun(SuiteRunner.java:397)\r\n\tat org.testng.SuiteRunner.run(SuiteRunner.java:336)\r\n\tat org.testng.SuiteRunnerWorker.runSuite(SuiteRunnerWorker.java:52)\r\n\tat org.testng.SuiteRunnerWorker.run(SuiteRunnerWorker.java:95)\r\n\tat org.testng.TestNG.runSuitesSequentially(TestNG.java:1280)\r\n\tat org.testng.TestNG.runSuitesLocally(TestNG.java:1200)\r\n\tat org.testng.TestNG.runSuites(TestNG.java:1114)\r\n\tat org.testng.TestNG.run(TestNG.java:1082)\r\n\tat com.intellij.rt.testng.IDEARemoteTestNG.run(IDEARemoteTestNG.java:66)\r\n\tat com.intellij.rt.testng.RemoteTestNGStarter.main(RemoteTestNGStarter.java:105)\r\n","name":"io.cucumber.core.exception.CucumberException"}],"authorSet":[],"categorySet":[],"deviceSet":[],"generatedLog":[]}],"logs":[],"media":[],"exceptions":[],"authorSet":[],"categorySet":[{"name":"@smoke"}],"deviceSet":[],"generatedLog":[]}],"logs":[],"media":[],"exceptions":[],"authorSet":[],"categorySet":[],"deviceSet":[],"generatedLog":[]}]